**connection with the database succeeded**
*transactions begin*
[2020/05/21 01:36:02, A select from table available_cars was called]
[2020/05/21 01:36:02, A select from table available_cars was called]
[2020/05/21 01:36:02, A select from table Car was called using an id]
[2020/05/21 01:36:02, An insert into customer table was made]
[2020/05/21 01:36:02, An insert into booking table was made]
[2020/05/21 01:36:02, An update on car table was made]
[2020/05/21 01:36:02, A select from table booking was called using a car_id]
[2020/05/21 01:36:02, An insert into booked_cars table was made]
[2020/05/21 01:36:02, A delete on available_cars table was made]
*transactions end*
**connection with the database succeeded**
*transactions begin*
[2020/05/21 01:40:32, A select from table available_cars was called]
[2020/05/21 01:40:32, A select from table available_cars was called]
[2020/05/21 01:40:32, A select from table Car was called using an id]
[2020/05/21 01:40:32, An insert into customer table was made]
[2020/05/21 01:40:32, An insert into booking table was made]
[2020/05/21 01:40:32, An update on car table was made]
[2020/05/21 01:40:32, A select from table booking was called using a car_id]
[2020/05/21 01:40:32, An insert into booked_cars table was made]
[2020/05/21 01:40:32, A delete on available_cars table was made]
*transactions end*
**connection with the database succeeded**
*transactions begin*
[2020/05/21 01:42:10, A select from table available_cars was called]
[2020/05/21 01:42:10, A select from table available_cars was called]
[2020/05/21 01:42:10, A select from table Car was called using an id]
[2020/05/21 01:42:10, An insert into customer table was made]
[2020/05/21 01:42:10, An insert into booking table was made]
[2020/05/21 01:42:10, An update on car table was made]
[2020/05/21 01:42:10, A select from table booking was called using a car_id]
[2020/05/21 01:42:10, An insert into booked_cars table was made]
[2020/05/21 01:42:10, A delete on available_cars table was made]
[2020/05/21 01:42:10, A select from table booking was called]
[2020/05/21 01:42:10, A select from table employee was called]
[2020/05/21 01:42:10, A select from table booking was called]
[2020/05/21 01:42:10, A select from table booking was called]
[2020/05/21 01:42:10, A select from table booking was called]
[2020/05/21 01:42:10, A select from table booking was called]
[2020/05/21 01:42:10, A select from table available_cars was called]
[2020/05/21 01:42:10, A select and left join were called from tables car and booked_cars]
[2020/05/21 01:42:10, An update on car table was made using id]
[2020/05/21 01:42:10, An update on car table was made using id]
[2020/05/21 01:42:10, A delete on booked_cars table was made using car_id]
[2020/05/21 01:42:10, An insert into booked_cars table was made]
[2020/05/21 01:42:10, A delete on available_cars table was made using car_id]
[2020/05/21 01:42:10, An insert into available_cars table was made]
[2020/05/21 01:42:10, An update on booking table was made using id]
[2020/05/21 01:42:10, A select and left join were called from tables car and booked_cars]
[2020/05/21 01:42:10, A select from table booking was called]
[2020/05/21 01:42:10, A select and left join were called from tables car and booked_cars]
[2020/05/21 01:42:10, An update on booking table was made using id]
[2020/05/21 01:42:10, An update on booked_cars table was made using id]
[2020/05/21 01:42:10, A select from table booking was called]
[2020/05/21 01:42:10, A select from table available_cars was called]
[2020/05/21 01:42:10, An update on car table was made using id]
[2020/05/21 01:42:10, A delete on booked_cars table was made using car_id]
[2020/05/21 01:42:10, An insert into available_cars table was made]
[2020/05/21 01:42:10, A delete on customer table was made using id]
[2020/05/21 01:42:10, A delete on booking table was made using id]
[2020/05/21 01:42:10, A select from table booking was called]
[2020/05/21 01:42:10, A select from table available_cars was called]
[2020/05/21 01:42:10, An update on car table was made using id]
[2020/05/21 01:42:10, A delete on booked_cars table was made using car_id]
[2020/05/21 01:42:10, An insert into available_cars table was made]
[2020/05/21 01:42:10, A delete on customer table was made using id]
[2020/05/21 01:42:10, A delete on booking table was made using id]
[2020/05/21 01:42:10, A select from table booking was called]
[2020/05/21 01:42:10, A select from table available_cars was called]
[2020/05/21 01:42:10, An update on car table was made using id]
[2020/05/21 01:42:10, A delete on booked_cars table was made using car_id]
[2020/05/21 01:42:10, An insert into available_cars table was made]
[2020/05/21 01:42:10, A delete on customer table was made using id]
[2020/05/21 01:42:10, A delete on booking table was made using id]
*transactions end*
**connection with the database succeeded**
*transactions begin*
[2020/05/23 22:48:56, A select from table available_cars was called]
*transactions end*
**connection with the database succeeded**
*transactions begin*
[2020/05/23 23:41:38, A select from table available_cars was called]
*transactions end*
**connection with the database succeeded**
*transactions begin*
[2020/05/23 23:54:31, A select from table available_cars was called]
*transactions end*
**connection with the database succeeded**
*transactions begin*
[2020/05/24 04:43:42, A select from table available_cars was called]
[2020/05/24 04:43:42, A select from table available_cars was called]
[2020/05/24 04:43:42, A select from table Car was called using an id]
[2020/05/24 04:43:42, An insert into customer table was made]
[2020/05/24 04:43:42, An insert into booking table was made]
[2020/05/24 04:43:42, An update on car table was made]
[2020/05/24 04:43:42, A select from table booking was called using a car_id]
[2020/05/24 04:43:42, An insert into booked_cars table was made]
[2020/05/24 04:43:42, A delete on available_cars table was made]
[2020/05/24 04:43:42, A select from table booking was called]
[2020/05/24 04:43:42, A select from table employee was called]
[2020/05/24 04:43:42, A select from table booking was called]
[2020/05/24 04:43:42, A select and left join were called from tables car and booked_cars]
[2020/05/24 04:43:42, An update on booking table was made using id]
[2020/05/24 04:43:42, An update on booked_cars table was made using id]
[2020/05/24 04:43:42, A select and left join were called from tables car and booked_cars]
[2020/05/24 04:43:42, A select from table booking was called]
[2020/05/24 04:43:42, A select from table available_cars was called]
[2020/05/24 04:43:42, A select and left join were called from tables car and booked_cars]
[2020/05/24 04:43:42, An update on car table was made using id]
[2020/05/24 04:43:42, An update on car table was made using id]
[2020/05/24 04:43:42, A delete on booked_cars table was made using car_id]
[2020/05/24 04:43:42, An insert into booked_cars table was made]
[2020/05/24 04:43:42, A delete on available_cars table was made using car_id]
[2020/05/24 04:43:42, An insert into available_cars table was made]
[2020/05/24 04:43:42, An update on booking table was made using id]
[2020/05/24 04:43:42, A select from table booking was called]
[2020/05/24 04:43:42, A select from table available_cars was called]
[2020/05/24 04:43:42, An insert into car table was made]
[2020/05/24 04:43:42, An insert into available_cars table was made]
[2020/05/24 04:43:42, A select from table booking was called]
[2020/05/24 04:43:42, A select from table booking was called]
[2020/05/24 04:43:42, A select from table booking was called]
[2020/05/24 04:43:42, A select from table employee was called]
*transactions end*
**connection with the database succeeded**
*transactions begin*
[2020/05/24 05:28:58, A select from table available_cars was called]
[2020/05/24 05:28:58, A select from table employee was called]
[2020/05/24 05:28:58, A select from table booking was called]
[2020/05/24 05:28:58, A select from table employee was called]
*transactions end*
